<?xml version="1.0" encoding="UTF-8"?>
<!-- Generated by org.testng.reporters.JUnitReportReporter -->
<testsuite hostname="DESKTOP-1995PT9" failures="0" tests="6" name="testngflag.flag7" time="0.019" errors="0" timestamp="2022-06-06T09:24:54 IST" skipped="0">
  <testcase classname="testngflag.flag7" name="it3" time="0.003"/>
  <system-out>
    <![CDATA[It3]]>
  </system-out>
  <testcase classname="testngflag.flag7" name="it5" time="0.002"/>
  <system-out>
    <![CDATA[It5]]>
  </system-out>
  <testcase classname="testngflag.flag7" name="it1" time="0.010"/>
  <system-out>
    <![CDATA[It1]]>
  </system-out>
  <testcase classname="testngflag.flag7" name="it2" time="0.001"/>
  <system-out>
    <![CDATA[It2]]>
  </system-out>
  <testcase classname="testngflag.flag7" name="it4" time="0.002"/>
  <system-out>
    <![CDATA[It4]]>
  </system-out>
  <testcase classname="testngflag.flag7" name="it6" time="0.001"/>
  <system-out>
    <![CDATA[It6]]>
  </system-out>
</testsuite> <!-- testngflag.flag7 -->
