<?xml version="1.0" encoding="UTF-8"?>
<!-- Generated by org.testng.reporters.JUnitReportReporter -->
<testsuite hostname="DESKTOP-1995PT9" failures="0" tests="1" name="testngflag.annotationTest" time="0.011" errors="0" timestamp="2022-06-08T08:25:19 IST" skipped="0">
  <testcase classname="testngflag.annotationTest" name="f" time="0.011"/>
  <system-out>
    <![CDATA[Homepage]]>
  </system-out>
</testsuite> <!-- testngflag.annotationTest -->
