<?xml version="1.0" encoding="UTF-8"?>
<!-- Generated by org.testng.reporters.JUnitReportReporter -->
<testsuite hostname="DESKTOP-1995PT9" failures="0" tests="1" name="testngpack.Demo" time="0.001" errors="0" timestamp="2022-06-04T08:44:00 IST" skipped="0">
  <testcase classname="testngpack.Demo" name="a" time="0.001"/>
  <system-out>
    <![CDATA[demo class method]]>
  </system-out>
</testsuite> <!-- testngpack.Demo -->
