<?xml version="1.0" encoding="UTF-8"?>
<!-- Generated by org.testng.reporters.JUnitReportReporter -->
<testsuite hostname="DESKTOP-1995PT9" failures="0" tests="1" name="testngpack.Remo" time="0.003" errors="0" timestamp="2022-06-04T08:44:00 IST" skipped="0">
  <testcase classname="testngpack.Remo" name="b" time="0.003"/>
  <system-out>
    <![CDATA[remo class method]]>
  </system-out>
</testsuite> <!-- testngpack.Remo -->
