<?xml version="1.0" encoding="UTF-8"?>
<!-- Generated by org.testng.reporters.JUnitReportReporter -->
<testsuite hostname="DESKTOP-1995PT9" failures="0" tests="1" name="testngpack.Sumo" time="0.016" errors="0" timestamp="2022-06-04T08:44:00 IST" skipped="0">
  <testcase classname="testngpack.Sumo" name="c" time="0.016"/>
  <system-out>
    <![CDATA[sumo class method]]>
  </system-out>
</testsuite> <!-- testngpack.Sumo -->
